# JRE version: Java(TM) SE Runtime Environment (8.0_202-b08) (build 1.8.0_202-b08)
# Java VM: Java HotSpot(TM) 64-Bit Server VM (25.202-b08 mixed mode windows-amd64 compressed oops)
Heap:
 PSYoungGen      total 134656K, used 33742K [0x00000000eab00000, 0x00000000fa200000, 0x0000000100000000)
  eden space 120320K, 28% used [0x00000000eab00000,0x00000000ecbf3910,0x00000000f2080000)
  from space 14336K, 0% used [0x00000000f2080000,0x00000000f2080000,0x00000000f2e80000)
  to   space 17920K, 0% used [0x00000000f9080000,0x00000000f9080000,0x00000000fa200000)
 ParOldGen       total 104960K, used 22855K [0x00000000c0000000, 0x00000000c6680000, 0x00000000eab00000)
  object space 104960K, 21% used [0x00000000c0000000,0x00000000c1651eb8,0x00000000c6680000)
 Metaspace       used 36253K, capacity 36882K, committed 37080K, reserved 1081344K
  class space    used 5195K, capacity 5369K, committed 5376K, reserved 1048576K
GC Heap History (10 events):
Event: 12.953 GC heap before
{Heap before GC invocations=5 (full 1):
 PSYoungGen      total 75776K, used 65024K [0x00000000eab00000, 0x00000000eff80000, 0x0000000100000000)
  eden space 65024K, 100% used [0x00000000eab00000,0x00000000eea80000,0x00000000eea80000)
  from space 10752K, 0% used [0x00000000eea80000,0x00000000eea80000,0x00000000ef500000)
  to   space 10752K, 0% used [0x00000000ef500000,0x00000000ef500000,0x00000000eff80000)
 ParOldGen       total 80384K, used 6946K [0x00000000c0000000, 0x00000000c4e80000, 0x00000000eab00000)
  object space 80384K, 8% used [0x00000000c0000000,0x00000000c06c8af8,0x00000000c4e80000)
 Metaspace       used 27191K, capacity 27626K, committed 27776K, reserved 1073152K
  class space    used 3767K, capacity 3910K, committed 3968K, reserved 1048576K
Event: 13.016 GC heap after
Heap after GC invocations=5 (full 1):
 PSYoungGen      total 75776K, used 7438K [0x00000000eab00000, 0x00000000f3880000, 0x0000000100000000)
  eden space 65024K, 0% used [0x00000000eab00000,0x00000000eab00000,0x00000000eea80000)
  from space 10752K, 69% used [0x00000000ef500000,0x00000000efc43bf0,0x00000000eff80000)
  to   space 10752K, 0% used [0x00000000eea80000,0x00000000eea80000,0x00000000ef500000)
 ParOldGen       total 80384K, used 6946K [0x00000000c0000000, 0x00000000c4e80000, 0x00000000eab00000)
  object space 80384K, 8% used [0x00000000c0000000,0x00000000c06c8af8,0x00000000c4e80000)
 Metaspace       used 27191K, capacity 27626K, committed 27776K, reserved 1073152K
  class space    used 3767K, capacity 3910K, committed 3968K, reserved 1048576K
}
Event: 14.973 GC heap before
{Heap before GC invocations=6 (full 1):
 PSYoungGen      total 75776K, used 72462K [0x00000000eab00000, 0x00000000f3880000, 0x0000000100000000)
  eden space 65024K, 100% used [0x00000000eab00000,0x00000000eea80000,0x00000000eea80000)
  from space 10752K, 69% used [0x00000000ef500000,0x00000000efc43bf0,0x00000000eff80000)
  to   space 10752K, 0% used [0x00000000eea80000,0x00000000eea80000,0x00000000ef500000)
 ParOldGen       total 80384K, used 6946K [0x00000000c0000000, 0x00000000c4e80000, 0x00000000eab00000)
  object space 80384K, 8% used [0x00000000c0000000,0x00000000c06c8af8,0x00000000c4e80000)
 Metaspace       used 30276K, capacity 30774K, committed 31104K, reserved 1075200K
  class space    used 4265K, capacity 4400K, committed 4480K, reserved 1048576K
Event: 15.003 GC heap after
Heap after GC invocations=6 (full 1):
 PSYoungGen      total 75776K, used 7834K [0x00000000eab00000, 0x00000000f3c00000, 0x0000000100000000)
  eden space 65024K, 0% used [0x00000000eab00000,0x00000000eab00000,0x00000000eea80000)
  from space 10752K, 72% used [0x00000000eea80000,0x00000000ef2269a0,0x00000000ef500000)
  to   space 13312K, 0% used [0x00000000f2f00000,0x00000000f2f00000,0x00000000f3c00000)
 ParOldGen       total 80384K, used 6954K [0x00000000c0000000, 0x00000000c4e80000, 0x00000000eab00000)
  object space 80384K, 8% used [0x00000000c0000000,0x00000000c06caaf8,0x00000000c4e80000)
 Metaspace       used 30276K, capacity 30774K, committed 31104K, reserved 1075200K
  class space    used 4265K, capacity 4400K, committed 4480K, reserved 1048576K
}
Event: 16.632 GC heap before
{Heap before GC invocations=7 (full 1):
 PSYoungGen      total 75776K, used 72858K [0x00000000eab00000, 0x00000000f3c00000, 0x0000000100000000)
  eden space 65024K, 100% used [0x00000000eab00000,0x00000000eea80000,0x00000000eea80000)
  from space 10752K, 72% used [0x00000000eea80000,0x00000000ef2269a0,0x00000000ef500000)
  to   space 13312K, 0% used [0x00000000f2f00000,0x00000000f2f00000,0x00000000f3c00000)
 ParOldGen       total 80384K, used 6954K [0x00000000c0000000, 0x00000000c4e80000, 0x00000000eab00000)
  object space 80384K, 8% used [0x00000000c0000000,0x00000000c06caaf8,0x00000000c4e80000)
 Metaspace       used 32009K, capacity 32578K, committed 33024K, reserved 1077248K
  class space    used 4581K, capacity 4764K, committed 4864K, reserved 1048576K
Event: 16.699 GC heap after
Heap after GC invocations=7 (full 1):
 PSYoungGen      total 133632K, used 11955K [0x00000000eab00000, 0x00000000f3c80000, 0x0000000100000000)
  eden space 120320K, 0% used [0x00000000eab00000,0x00000000eab00000,0x00000000f2080000)
  from space 13312K, 89% used [0x00000000f2f00000,0x00000000f3aacc80,0x00000000f3c00000)
  to   space 14336K, 0% used [0x00000000f2080000,0x00000000f2080000,0x00000000f2e80000)
 ParOldGen       total 80384K, used 6962K [0x00000000c0000000, 0x00000000c4e80000, 0x00000000eab00000)
  object space 80384K, 8% used [0x00000000c0000000,0x00000000c06ccaf8,0x00000000c4e80000)
 Metaspace       used 32009K, capacity 32578K, committed 33024K, reserved 1077248K
  class space    used 4581K, capacity 4764K, committed 4864K, reserved 1048576K
}
Event: 867.365 GC heap before
{Heap before GC invocations=8 (full 1):
 PSYoungGen      total 133632K, used 94970K [0x00000000eab00000, 0x00000000f3c80000, 0x0000000100000000)
  eden space 120320K, 68% used [0x00000000eab00000,0x00000000efc11db8,0x00000000f2080000)
  from space 13312K, 89% used [0x00000000f2f00000,0x00000000f3aacc80,0x00000000f3c00000)
  to   space 14336K, 0% used [0x00000000f2080000,0x00000000f2080000,0x00000000f2e80000)
 ParOldGen       total 80384K, used 6962K [0x00000000c0000000, 0x00000000c4e80000, 0x00000000eab00000)
  object space 80384K, 8% used [0x00000000c0000000,0x00000000c06ccaf8,0x00000000c4e80000)
 Metaspace       used 34651K, capacity 35248K, committed 35416K, reserved 1079296K
  class space    used 4947K, capacity 5132K, committed 5248K, reserved 1048576K
Event: 867.376 GC heap after
Heap after GC invocations=8 (full 1):
 PSYoungGen      total 134656K, used 14320K [0x00000000eab00000, 0x00000000fa200000, 0x0000000100000000)
  eden space 120320K, 0% used [0x00000000eab00000,0x00000000eab00000,0x00000000f2080000)
  from space 14336K, 99% used [0x00000000f2080000,0x00000000f2e7c010,0x00000000f2e80000)
  to   space 17920K, 0% used [0x00000000f9080000,0x00000000f9080000,0x00000000fa200000)
 ParOldGen       total 80384K, used 9935K [0x00000000c0000000, 0x00000000c4e80000, 0x00000000eab00000)
  object space 80384K, 12% used [0x00000000c0000000,0x00000000c09b3c40,0x00000000c4e80000)
 Metaspace       used 34651K, capacity 35248K, committed 35416K, reserved 1079296K
  class space    used 4947K, capacity 5132K, committed 5248K, reserved 1048576K
}
Event: 867.376 GC heap before
{Heap before GC invocations=9 (full 2):
 PSYoungGen      total 134656K, used 14320K [0x00000000eab00000, 0x00000000fa200000, 0x0000000100000000)
  eden space 120320K, 0% used [0x00000000eab00000,0x00000000eab00000,0x00000000f2080000)
  from space 14336K, 99% used [0x00000000f2080000,0x00000000f2e7c010,0x00000000f2e80000)
  to   space 17920K, 0% used [0x00000000f9080000,0x00000000f9080000,0x00000000fa200000)
 ParOldGen       total 80384K, used 9935K [0x00000000c0000000, 0x00000000c4e80000, 0x00000000eab00000)
  object space 80384K, 12% used [0x00000000c0000000,0x00000000c09b3c40,0x00000000c4e80000)
 Metaspace       used 34651K, capacity 35248K, committed 35416K, reserved 1079296K
  class space    used 4947K, capacity 5132K, committed 5248K, reserved 1048576K
Event: 867.478 GC heap after
Heap after GC invocations=9 (full 2):
 PSYoungGen      total 134656K, used 0K [0x00000000eab00000, 0x00000000fa200000, 0x0000000100000000)
  eden space 120320K, 0% used [0x00000000eab00000,0x00000000eab00000,0x00000000f2080000)
  from space 14336K, 0% used [0x00000000f2080000,0x00000000f2080000,0x00000000f2e80000)
  to   space 17920K, 0% used [0x00000000f9080000,0x00000000f9080000,0x00000000fa200000)
 ParOldGen       total 104960K, used 22855K [0x00000000c0000000, 0x00000000c6680000, 0x00000000eab00000)
  object space 104960K, 21% used [0x00000000c0000000,0x00000000c1651eb8,0x00000000c6680000)
 Metaspace       used 34651K, capacity 35248K, committed 35416K, reserved 1079296K
  class space    used 4947K, capacity 5132K, committed 5248K, reserved 1048576K
}

