# JRE version: Java(TM) SE Runtime Environment (8.0_202-b08) (build 1.8.0_202-b08)
# Java VM: Java HotSpot(TM) 64-Bit Server VM (25.202-b08 mixed mode windows-amd64 compressed oops)
Heap:
 PSYoungGen      total 236032K, used 30629K [0x00000000eab00000, 0x00000000fb180000, 0x0000000100000000)
  eden space 220672K, 13% used [0x00000000eab00000,0x00000000ec8e9738,0x00000000f8280000)
  from space 15360K, 0% used [0x00000000f9500000,0x00000000f9500000,0x00000000fa400000)
  to   space 18944K, 0% used [0x00000000f8280000,0x00000000f8280000,0x00000000f9500000)
 ParOldGen       total 118272K, used 23789K [0x00000000c0000000, 0x00000000c7380000, 0x00000000eab00000)
  object space 118272K, 20% used [0x00000000c0000000,0x00000000c173b488,0x00000000c7380000)
 Metaspace       used 35543K, capacity 36122K, committed 36312K, reserved 1081344K
  class space    used 5161K, capacity 5339K, committed 5376K, reserved 1048576K
GC Heap History (10 events):
Event: 3.068 GC heap before
{Heap before GC invocations=4 (full 1):
 PSYoungGen      total 75776K, used 7148K [0x00000000eab00000, 0x00000000f3f00000, 0x0000000100000000)
  eden space 65024K, 0% used [0x00000000eab00000,0x00000000eab00000,0x00000000eea80000)
  from space 10752K, 66% used [0x00000000eea80000,0x00000000ef17b080,0x00000000ef500000)
  to   space 10752K, 0% used [0x00000000f3480000,0x00000000f3480000,0x00000000f3f00000)
 ParOldGen       total 173568K, used 2391K [0x00000000c0000000, 0x00000000ca980000, 0x00000000eab00000)
  object space 173568K, 1% used [0x00000000c0000000,0x00000000c0255f50,0x00000000ca980000)
 Metaspace       used 20860K, capacity 21172K, committed 21248K, reserved 1067008K
  class space    used 2927K, capacity 3049K, committed 3072K, reserved 1048576K
Event: 3.109 GC heap after
Heap after GC invocations=4 (full 1):
 PSYoungGen      total 75776K, used 0K [0x00000000eab00000, 0x00000000f3f00000, 0x0000000100000000)
  eden space 65024K, 0% used [0x00000000eab00000,0x00000000eab00000,0x00000000eea80000)
  from space 10752K, 0% used [0x00000000eea80000,0x00000000eea80000,0x00000000ef500000)
  to   space 10752K, 0% used [0x00000000f3480000,0x00000000f3480000,0x00000000f3f00000)
 ParOldGen       total 82432K, used 7019K [0x00000000c0000000, 0x00000000c5080000, 0x00000000eab00000)
  object space 82432K, 8% used [0x00000000c0000000,0x00000000c06dac30,0x00000000c5080000)
 Metaspace       used 20860K, capacity 21172K, committed 21248K, reserved 1067008K
  class space    used 2927K, capacity 3049K, committed 3072K, reserved 1048576K
}
Event: 3.931 GC heap before
{Heap before GC invocations=5 (full 1):
 PSYoungGen      total 75776K, used 65024K [0x00000000eab00000, 0x00000000f3f00000, 0x0000000100000000)
  eden space 65024K, 100% used [0x00000000eab00000,0x00000000eea80000,0x00000000eea80000)
  from space 10752K, 0% used [0x00000000eea80000,0x00000000eea80000,0x00000000ef500000)
  to   space 10752K, 0% used [0x00000000f3480000,0x00000000f3480000,0x00000000f3f00000)
 ParOldGen       total 82432K, used 7019K [0x00000000c0000000, 0x00000000c5080000, 0x00000000eab00000)
  object space 82432K, 8% used [0x00000000c0000000,0x00000000c06dac30,0x00000000c5080000)
 Metaspace       used 27095K, capacity 27562K, committed 27776K, reserved 1073152K
  class space    used 3766K, capacity 3910K, committed 3968K, reserved 1048576K
Event: 3.955 GC heap after
Heap after GC invocations=5 (full 1):
 PSYoungGen      total 129536K, used 7297K [0x00000000eab00000, 0x00000000f3c00000, 0x0000000100000000)
  eden space 121856K, 0% used [0x00000000eab00000,0x00000000eab00000,0x00000000f2200000)
  from space 7680K, 95% used [0x00000000f3480000,0x00000000f3ba0548,0x00000000f3c00000)
  to   space 10752K, 0% used [0x00000000f2700000,0x00000000f2700000,0x00000000f3180000)
 ParOldGen       total 82432K, used 7027K [0x00000000c0000000, 0x00000000c5080000, 0x00000000eab00000)
  object space 82432K, 8% used [0x00000000c0000000,0x00000000c06dcc30,0x00000000c5080000)
 Metaspace       used 27095K, capacity 27562K, committed 27776K, reserved 1073152K
  class space    used 3766K, capacity 3910K, committed 3968K, reserved 1048576K
}
Event: 4.966 GC heap before
{Heap before GC invocations=6 (full 1):
 PSYoungGen      total 129536K, used 129153K [0x00000000eab00000, 0x00000000f3c00000, 0x0000000100000000)
  eden space 121856K, 100% used [0x00000000eab00000,0x00000000f2200000,0x00000000f2200000)
  from space 7680K, 95% used [0x00000000f3480000,0x00000000f3ba0548,0x00000000f3c00000)
  to   space 10752K, 0% used [0x00000000f2700000,0x00000000f2700000,0x00000000f3180000)
 ParOldGen       total 82432K, used 7027K [0x00000000c0000000, 0x00000000c5080000, 0x00000000eab00000)
  object space 82432K, 8% used [0x00000000c0000000,0x00000000c06dcc30,0x00000000c5080000)
 Metaspace       used 31918K, capacity 32504K, committed 32768K, reserved 1077248K
  class space    used 4571K, capacity 4762K, committed 4864K, reserved 1048576K
Event: 4.981 GC heap after
Heap after GC invocations=6 (full 1):
 PSYoungGen      total 137728K, used 10727K [0x00000000eab00000, 0x00000000fa400000, 0x0000000100000000)
  eden space 126976K, 0% used [0x00000000eab00000,0x00000000eab00000,0x00000000f2700000)
  from space 10752K, 99% used [0x00000000f2700000,0x00000000f3179c50,0x00000000f3180000)
  to   space 15360K, 0% used [0x00000000f9500000,0x00000000f9500000,0x00000000fa400000)
 ParOldGen       total 82432K, used 8745K [0x00000000c0000000, 0x00000000c5080000, 0x00000000eab00000)
  object space 82432K, 10% used [0x00000000c0000000,0x00000000c088a7c0,0x00000000c5080000)
 Metaspace       used 31918K, capacity 32504K, committed 32768K, reserved 1077248K
  class space    used 4571K, capacity 4762K, committed 4864K, reserved 1048576K
}
Event: 5.539 GC heap before
{Heap before GC invocations=7 (full 1):
 PSYoungGen      total 137728K, used 83550K [0x00000000eab00000, 0x00000000fa400000, 0x0000000100000000)
  eden space 126976K, 57% used [0x00000000eab00000,0x00000000ef21df00,0x00000000f2700000)
  from space 10752K, 99% used [0x00000000f2700000,0x00000000f3179c50,0x00000000f3180000)
  to   space 15360K, 0% used [0x00000000f9500000,0x00000000f9500000,0x00000000fa400000)
 ParOldGen       total 82432K, used 8745K [0x00000000c0000000, 0x00000000c5080000, 0x00000000eab00000)
  object space 82432K, 10% used [0x00000000c0000000,0x00000000c088a7c0,0x00000000c5080000)
 Metaspace       used 34712K, capacity 35256K, committed 35416K, reserved 1079296K
  class space    used 5040K, capacity 5230K, committed 5248K, reserved 1048576K
Event: 5.555 GC heap after
Heap after GC invocations=7 (full 1):
 PSYoungGen      total 236032K, used 15348K [0x00000000eab00000, 0x00000000fb180000, 0x0000000100000000)
  eden space 220672K, 0% used [0x00000000eab00000,0x00000000eab00000,0x00000000f8280000)
  from space 15360K, 99% used [0x00000000f9500000,0x00000000fa3fd010,0x00000000fa400000)
  to   space 18944K, 0% used [0x00000000f8280000,0x00000000f8280000,0x00000000f9500000)
 ParOldGen       total 82432K, used 10656K [0x00000000c0000000, 0x00000000c5080000, 0x00000000eab00000)
  object space 82432K, 12% used [0x00000000c0000000,0x00000000c0a68298,0x00000000c5080000)
 Metaspace       used 34712K, capacity 35256K, committed 35416K, reserved 1079296K
  class space    used 5040K, capacity 5230K, committed 5248K, reserved 1048576K
}
Event: 5.555 GC heap before
{Heap before GC invocations=8 (full 2):
 PSYoungGen      total 236032K, used 15348K [0x00000000eab00000, 0x00000000fb180000, 0x0000000100000000)
  eden space 220672K, 0% used [0x00000000eab00000,0x00000000eab00000,0x00000000f8280000)
  from space 15360K, 99% used [0x00000000f9500000,0x00000000fa3fd010,0x00000000fa400000)
  to   space 18944K, 0% used [0x00000000f8280000,0x00000000f8280000,0x00000000f9500000)
 ParOldGen       total 82432K, used 10656K [0x00000000c0000000, 0x00000000c5080000, 0x00000000eab00000)
  object space 82432K, 12% used [0x00000000c0000000,0x00000000c0a68298,0x00000000c5080000)
 Metaspace       used 34712K, capacity 35256K, committed 35416K, reserved 1079296K
  class space    used 5040K, capacity 5230K, committed 5248K, reserved 1048576K
Event: 5.627 GC heap after
Heap after GC invocations=8 (full 2):
 PSYoungGen      total 236032K, used 0K [0x00000000eab00000, 0x00000000fb180000, 0x0000000100000000)
  eden space 220672K, 0% used [0x00000000eab00000,0x00000000eab00000,0x00000000f8280000)
  from space 15360K, 0% used [0x00000000f9500000,0x00000000f9500000,0x00000000fa400000)
  to   space 18944K, 0% used [0x00000000f8280000,0x00000000f8280000,0x00000000f9500000)
 ParOldGen       total 118272K, used 23789K [0x00000000c0000000, 0x00000000c7380000, 0x00000000eab00000)
  object space 118272K, 20% used [0x00000000c0000000,0x00000000c173b488,0x00000000c7380000)
 Metaspace       used 34712K, capacity 35256K, committed 35416K, reserved 1079296K
  class space    used 5040K, capacity 5230K, committed 5248K, reserved 1048576K
}

